<?xml version="1.0" encoding="UTF-8"?>
<!-- Generated by org.testng.reporters.JUnitReportReporter -->
<testsuite hostname="DESKTOP-7CF6N7D" name="ResponseValidation.resposeTimeValidation" tests="1" failures="0" timestamp="21 Apr 2022 07:13:00 GMT" time="3.841" errors="0">
  <testcase name="ResponseTime" time="3.841" classname="ResponseValidation.resposeTimeValidation"/>
</testsuite> <!-- ResponseValidation.resposeTimeValidation -->
