<?xml version="1.0" encoding="UTF-8"?>
<!-- Generated by org.testng.reporters.JUnitReportReporter -->
<testsuite hostname="DESKTOP-7CF6N7D" name="Parameterized.Pathparameter" tests="1" failures="0" timestamp="21 Apr 2022 09:29:49 GMT" time="4.647" errors="0">
  <testcase name="getSigleproject" time="4.647" classname="Parameterized.Pathparameter"/>
</testsuite> <!-- Parameterized.Pathparameter -->
