<?xml version="1.0" encoding="UTF-8"?>
<!-- Generated by org.testng.reporters.JUnitReportReporter -->
<testsuite hostname="DESKTOP-7CF6N7D" name="dataDrivenTesting.CreateMultipleProjectwithDiffrentdata" tests="3" failures="0" timestamp="21 Apr 2022 07:46:48 GMT" time="4.268" errors="0">
  <testcase name="createProject" time="4.136" classname="dataDrivenTesting.CreateMultipleProjectwithDiffrentdata"/>
  <testcase name="createProject" time="0.063" classname="dataDrivenTesting.CreateMultipleProjectwithDiffrentdata"/>
  <testcase name="createProject" time="0.069" classname="dataDrivenTesting.CreateMultipleProjectwithDiffrentdata"/>
</testsuite> <!-- dataDrivenTesting.CreateMultipleProjectwithDiffrentdata -->
