<?xml version="1.0" encoding="UTF-8"?>
<!-- Generated by org.testng.reporters.JUnitReportReporter -->
<testsuite hostname="DESKTOP-7CF6N7D" name="Parameterized.StringParameter" tests="1" failures="0" timestamp="21 Apr 2022 09:28:13 GMT" time="5.151" errors="0">
  <testcase name="StringParametr" time="5.151" classname="Parameterized.StringParameter"/>
</testsuite> <!-- Parameterized.StringParameter -->
