<?xml version="1.0" encoding="UTF-8"?>
<!-- Generated by org.testng.reporters.JUnitReportReporter -->
<testsuite hostname="DESKTOP-7CF6N7D" name="Parameterized.CreateProjectUsingFromParamter" tests="1" failures="0" timestamp="21 Apr 2022 09:33:40 GMT" time="2.982" errors="0">
  <testcase name="FromParameter" time="2.982" classname="Parameterized.CreateProjectUsingFromParamter"/>
</testsuite> <!-- Parameterized.CreateProjectUsingFromParamter -->
